[1/6] Performing build step for 'bootloader'
[1/1] cmd.exe /C "cd /D D:\Projects\Data_LoggerESP32\Current\Data_Logger\build\bootloader\esp-idf\esptool_py && C:\Users\DELL\esp\Espressif\python_env\idf5.1_py3.11_env\Scripts\python.exe C:/Users/DELL/esp/esp-idf/components/partition_table/check_sizes.py --offset 0x8000 bootloader 0x1000 D:/Projects/Data_LoggerESP32/Current/Data_Logger/build/bootloader/bootloader.bin"
Bootloader binary size 0x6810 bytes. 0x7f0 bytes (7%) free.
[2/4] Linking CXX executable DL_cpp_test.elf
FAILED: DL_cpp_test.elf 
cmd.exe /C "cd . && C:\Users\DELL\esp\Espressif\tools\xtensa-esp32-elf\esp-12.2.0_20230208\xtensa-esp32-elf\bin\xtensa-esp32-elf-g++.exe -mlongcalls -Wno-frame-address -Wl,--cref -Wl,--defsym=IDF_TARGET_ESP32=0 -Wl,--Map=D:/Projects/Data_LoggerESP32/Current/Data_Logger/build/DL_cpp_test.map -Wl,--no-warn-rwx-segments -fno-rtti -fno-lto -Wl,--gc-sections -Wl,--warn-common -T esp32.peripherals.ld -T esp32.rom.ld -T esp32.rom.api.ld -T esp32.rom.libgcc.ld -T esp32.rom.newlib-data.ld -T esp32.rom.syscalls.ld -T esp32.rom.newlib-funcs.ld -T memory.ld -T sections.ld @CMakeFiles\DL_cpp_test.elf.rsp -o DL_cpp_test.elf  && cd ."
c:/users/dell/esp/espressif/tools/xtensa-esp32-elf/esp-12.2.0_20230208/xtensa-esp32-elf/bin/../lib/gcc/xtensa-esp32-elf/12.2.0/../../../../xtensa-esp32-elf/bin/ld.exe: esp-idf/I2C/libI2C.a(I2C.cpp.obj): in function `i2c_send_byte(unsigned char, unsigned char, unsigned char)':
D:/Projects/Data_LoggerESP32/Current/Data_Logger/components/I2C/I2C.cpp:25: multiple definition of `i2c_send_byte(unsigned char, unsigned char, unsigned char)'; esp-idf/MCP23017/libMCP23017.a(mcp23017.cpp.obj):D:/Projects/Data_LoggerESP32/Current/Data_Logger/components/MCP23017/mcp23017.cpp:62: first defined here
c:/users/dell/esp/espressif/tools/xtensa-esp32-elf/esp-12.2.0_20230208/xtensa-esp32-elf/bin/../lib/gcc/xtensa-esp32-elf/12.2.0/../../../../xtensa-esp32-elf/bin/ld.exe: esp-idf/I2C/libI2C.a(I2C.cpp.obj): in function `i2c_read_byte(unsigned char, unsigned char, unsigned char*)':
D:/Projects/Data_LoggerESP32/Current/Data_Logger/components/I2C/I2C.cpp:52: multiple definition of `i2c_read_byte(unsigned char, unsigned char, unsigned char*)'; esp-idf/MCP23017/libMCP23017.a(mcp23017.cpp.obj):D:/Projects/Data_LoggerESP32/Current/Data_Logger/components/MCP23017/mcp23017.cpp:89: first defined here
collect2.exe: error: ld returned 1 exit status
ninja: build stopped: subcommand failed.
